2021-12-08 14:48:41.468  INFO 21024 --- [main] com.nju.edu.court.CourtApplication       : Starting CourtApplication using Java 1.8.0_301 on Zyi with PID 21024 (D:\Java\Programs\Court\court\target\classes started by Zyi in D:\Java\Programs\Court\court)
2021-12-08 14:48:41.470  INFO 21024 --- [main] com.nju.edu.court.CourtApplication       : No active profile set, falling back to default profiles: default
2021-12-08 14:48:41.972  WARN 21024 --- [main] o.m.s.mapper.ClassPathMapperScanner      : No MyBatis mapper was found in '[com.nju.edu.court]' package. Please check your configuration.
2021-12-08 14:48:42.263  INFO 21024 --- [main] o.s.b.w.embedded.tomcat.TomcatWebServer  : Tomcat initialized with port(s): 8080 (http)
2021-12-08 14:48:42.271  INFO 21024 --- [main] o.apache.catalina.core.StandardService   : Starting service [Tomcat]
2021-12-08 14:48:42.272  INFO 21024 --- [main] org.apache.catalina.core.StandardEngine  : Starting Servlet engine: [Apache Tomcat/9.0.55]
2021-12-08 14:48:42.349  INFO 21024 --- [main] o.a.c.c.C.[Tomcat].[localhost].[/]       : Initializing Spring embedded WebApplicationContext
2021-12-08 14:48:42.349  INFO 21024 --- [main] w.s.c.ServletWebServerApplicationContext : Root WebApplicationContext: initialization completed in 847 ms
2021-12-08 14:48:42.592  INFO 21024 --- [main] o.s.b.a.w.s.WelcomePageHandlerMapping    : Adding welcome page: class path resource [static/index.html]
2021-12-08 14:48:42.772  INFO 21024 --- [main] o.s.b.w.embedded.tomcat.TomcatWebServer  : Tomcat started on port(s): 8080 (http) with context path ''
2021-12-08 14:48:42.780  INFO 21024 --- [main] com.nju.edu.court.CourtApplication       : Started CourtApplication in 1.902 seconds (JVM running for 3.048)
2021-12-08 14:49:07.401  INFO 21024 --- [http-nio-8080-exec-1] o.apache.coyote.http11.Http11Processor   : Error parsing HTTP request header
 Note: further occurrences of HTTP request parsing errors will be logged at DEBUG level.

java.lang.IllegalArgumentException: Invalid character found in method name [0x160x030x010x020x000x010x000x010xfc0x030x030x070xa90xdc0x110xc8fP%0x0e0x8bJV:w0x850xd6<h0xf3]0xcb0xe20x0a50xba0xfck0xa10xe70xd50xe30xf3 ]. HTTP method names must be tokens
	at org.apache.coyote.http11.Http11InputBuffer.parseRequestLine(Http11InputBuffer.java:419)
	at org.apache.coyote.http11.Http11Processor.service(Http11Processor.java:269)
	at org.apache.coyote.AbstractProcessorLight.process(AbstractProcessorLight.java:65)
	at org.apache.coyote.AbstractProtocol$ConnectionHandler.process(AbstractProtocol.java:895)
	at org.apache.tomcat.util.net.NioEndpoint$SocketProcessor.doRun(NioEndpoint.java:1722)
	at org.apache.tomcat.util.net.SocketProcessorBase.run(SocketProcessorBase.java:49)
	at org.apache.tomcat.util.threads.ThreadPoolExecutor.runWorker(ThreadPoolExecutor.java:1191)
	at org.apache.tomcat.util.threads.ThreadPoolExecutor$Worker.run(ThreadPoolExecutor.java:659)
	at org.apache.tomcat.util.threads.TaskThread$WrappingRunnable.run(TaskThread.java:61)
	at java.lang.Thread.run(Thread.java:748)

2021-12-08 14:49:07.401  INFO 21024 --- [http-nio-8080-exec-2] o.apache.coyote.http11.Http11Processor   : Error parsing HTTP request header
 Note: further occurrences of HTTP request parsing errors will be logged at DEBUG level.

java.lang.IllegalArgumentException: Invalid character found in method name [0x160x030x010x020x000x010x000x010xfc0x030x03|0xf50x130xb5-c0xf7[0xc90xfcL0x850x880x840xf4)0x800xefd0xe1@0xc20xe80xae0xec0x9d0x80^a40xf60xd2 ]. HTTP method names must be tokens
	at org.apache.coyote.http11.Http11InputBuffer.parseRequestLine(Http11InputBuffer.java:419)
	at org.apache.coyote.http11.Http11Processor.service(Http11Processor.java:269)
	at org.apache.coyote.AbstractProcessorLight.process(AbstractProcessorLight.java:65)
	at org.apache.coyote.AbstractProtocol$ConnectionHandler.process(AbstractProtocol.java:895)
	at org.apache.tomcat.util.net.NioEndpoint$SocketProcessor.doRun(NioEndpoint.java:1722)
	at org.apache.tomcat.util.net.SocketProcessorBase.run(SocketProcessorBase.java:49)
	at org.apache.tomcat.util.threads.ThreadPoolExecutor.runWorker(ThreadPoolExecutor.java:1191)
	at org.apache.tomcat.util.threads.ThreadPoolExecutor$Worker.run(ThreadPoolExecutor.java:659)
	at org.apache.tomcat.util.threads.TaskThread$WrappingRunnable.run(TaskThread.java:61)
	at java.lang.Thread.run(Thread.java:748)

2021-12-08 14:50:01.370  INFO 3144 --- [main] com.nju.edu.court.CourtApplication       : Starting CourtApplication using Java 1.8.0_301 on Zyi with PID 3144 (D:\Java\Programs\Court\court\target\classes started by Zyi in D:\Java\Programs\Court\court)
2021-12-08 14:50:01.372  INFO 3144 --- [main] com.nju.edu.court.CourtApplication       : No active profile set, falling back to default profiles: default
2021-12-08 14:50:01.818  WARN 3144 --- [main] o.m.s.mapper.ClassPathMapperScanner      : No MyBatis mapper was found in '[com.nju.edu.court]' package. Please check your configuration.
2021-12-08 14:50:02.043  INFO 3144 --- [main] o.s.b.w.embedded.tomcat.TomcatWebServer  : Tomcat initialized with port(s): 8080 (http)
2021-12-08 14:50:02.049  INFO 3144 --- [main] o.apache.catalina.core.StandardService   : Starting service [Tomcat]
2021-12-08 14:50:02.049  INFO 3144 --- [main] org.apache.catalina.core.StandardEngine  : Starting Servlet engine: [Apache Tomcat/9.0.55]
2021-12-08 14:50:02.137  INFO 3144 --- [main] o.a.c.c.C.[Tomcat].[localhost].[/]       : Initializing Spring embedded WebApplicationContext
2021-12-08 14:50:02.137  INFO 3144 --- [main] w.s.c.ServletWebServerApplicationContext : Root WebApplicationContext: initialization completed in 733 ms
2021-12-08 14:50:02.304  INFO 3144 --- [main] o.s.b.a.w.s.WelcomePageHandlerMapping    : Adding welcome page: class path resource [static/index.html]
2021-12-08 14:50:02.453  INFO 3144 --- [main] o.s.b.w.embedded.tomcat.TomcatWebServer  : Tomcat started on port(s): 8080 (http) with context path ''
2021-12-08 14:50:02.460  INFO 3144 --- [main] com.nju.edu.court.CourtApplication       : Started CourtApplication in 1.459 seconds (JVM running for 2.208)
2021-12-08 14:50:02.592  INFO 3144 --- [http-nio-8080-exec-1] o.apache.coyote.http11.Http11Processor   : Error parsing HTTP request header
 Note: further occurrences of HTTP request parsing errors will be logged at DEBUG level.

java.lang.IllegalArgumentException: Invalid character found in method name [0x160x030x010x020x000x010x000x010xfc0x030x030x7f0xfe-0xcfb0xd40xdd0x8980xd40xd50xf3$0x120xe00x0f0x7f0xf80xc40xa470xda0xc30x09I0xe6}0xb8h0xc30xfd0xd1 ]. HTTP method names must be tokens
	at org.apache.coyote.http11.Http11InputBuffer.parseRequestLine(Http11InputBuffer.java:419)
	at org.apache.coyote.http11.Http11Processor.service(Http11Processor.java:269)
	at org.apache.coyote.AbstractProcessorLight.process(AbstractProcessorLight.java:65)
	at org.apache.coyote.AbstractProtocol$ConnectionHandler.process(AbstractProtocol.java:895)
	at org.apache.tomcat.util.net.NioEndpoint$SocketProcessor.doRun(NioEndpoint.java:1722)
	at org.apache.tomcat.util.net.SocketProcessorBase.run(SocketProcessorBase.java:49)
	at org.apache.tomcat.util.threads.ThreadPoolExecutor.runWorker(ThreadPoolExecutor.java:1191)
	at org.apache.tomcat.util.threads.ThreadPoolExecutor$Worker.run(ThreadPoolExecutor.java:659)
	at org.apache.tomcat.util.threads.TaskThread$WrappingRunnable.run(TaskThread.java:61)
	at java.lang.Thread.run(Thread.java:748)

2021-12-08 14:50:02.592  INFO 3144 --- [http-nio-8080-exec-2] o.apache.coyote.http11.Http11Processor   : Error parsing HTTP request header
 Note: further occurrences of HTTP request parsing errors will be logged at DEBUG level.

java.lang.IllegalArgumentException: Invalid character found in method name [0x160x030x010x020x000x010x000x010xfc0x030x030xd90x03-0xfc0xb60x140xed0x168W0xc30xa90xd2T0xe90xee0x8d0xb0KWb0xb30xa20xc80x9cW0xb8H0xfc0xd8=0xca ]. HTTP method names must be tokens
	at org.apache.coyote.http11.Http11InputBuffer.parseRequestLine(Http11InputBuffer.java:419)
	at org.apache.coyote.http11.Http11Processor.service(Http11Processor.java:269)
	at org.apache.coyote.AbstractProcessorLight.process(AbstractProcessorLight.java:65)
	at org.apache.coyote.AbstractProtocol$ConnectionHandler.process(AbstractProtocol.java:895)
	at org.apache.tomcat.util.net.NioEndpoint$SocketProcessor.doRun(NioEndpoint.java:1722)
	at org.apache.tomcat.util.net.SocketProcessorBase.run(SocketProcessorBase.java:49)
	at org.apache.tomcat.util.threads.ThreadPoolExecutor.runWorker(ThreadPoolExecutor.java:1191)
	at org.apache.tomcat.util.threads.ThreadPoolExecutor$Worker.run(ThreadPoolExecutor.java:659)
	at org.apache.tomcat.util.threads.TaskThread$WrappingRunnable.run(TaskThread.java:61)
	at java.lang.Thread.run(Thread.java:748)

2021-12-08 14:50:02.614  INFO 3144 --- [http-nio-8080-exec-5] o.apache.coyote.http11.Http11Processor   : Error parsing HTTP request header
 Note: further occurrences of HTTP request parsing errors will be logged at DEBUG level.

java.lang.IllegalArgumentException: Invalid character found in method name [0x160x030x010x020x000x010x000x010xfc0x030x030xecSW0x9010xde!10xda._=,X0x0f0xca0xca%0xd00xd80x17G0x9f0xc90xc50xf80xf1f0xa7}{0xf1 ]. HTTP method names must be tokens
	at org.apache.coyote.http11.Http11InputBuffer.parseRequestLine(Http11InputBuffer.java:419)
	at org.apache.coyote.http11.Http11Processor.service(Http11Processor.java:269)
	at org.apache.coyote.AbstractProcessorLight.process(AbstractProcessorLight.java:65)
	at org.apache.coyote.AbstractProtocol$ConnectionHandler.process(AbstractProtocol.java:895)
	at org.apache.tomcat.util.net.NioEndpoint$SocketProcessor.doRun(NioEndpoint.java:1722)
	at org.apache.tomcat.util.net.SocketProcessorBase.run(SocketProcessorBase.java:49)
	at org.apache.tomcat.util.threads.ThreadPoolExecutor.runWorker(ThreadPoolExecutor.java:1191)
	at org.apache.tomcat.util.threads.ThreadPoolExecutor$Worker.run(ThreadPoolExecutor.java:659)
	at org.apache.tomcat.util.threads.TaskThread$WrappingRunnable.run(TaskThread.java:61)
	at java.lang.Thread.run(Thread.java:748)

2021-12-08 14:51:02.955  INFO 25112 --- [main] com.nju.edu.court.CourtApplication       : Starting CourtApplication using Java 1.8.0_301 on Zyi with PID 25112 (D:\Java\Programs\Court\court\target\classes started by Zyi in D:\Java\Programs\Court\court)
2021-12-08 14:51:02.958  INFO 25112 --- [main] com.nju.edu.court.CourtApplication       : No active profile set, falling back to default profiles: default
2021-12-08 14:51:03.419  WARN 25112 --- [main] o.m.s.mapper.ClassPathMapperScanner      : No MyBatis mapper was found in '[com.nju.edu.court]' package. Please check your configuration.
2021-12-08 14:51:03.654  INFO 25112 --- [main] o.s.b.w.embedded.tomcat.TomcatWebServer  : Tomcat initialized with port(s): 8080 (http)
2021-12-08 14:51:03.660  INFO 25112 --- [main] o.apache.catalina.core.StandardService   : Starting service [Tomcat]
2021-12-08 14:51:03.660  INFO 25112 --- [main] org.apache.catalina.core.StandardEngine  : Starting Servlet engine: [Apache Tomcat/9.0.55]
2021-12-08 14:51:03.736  INFO 25112 --- [main] o.a.c.c.C.[Tomcat].[localhost].[/]       : Initializing Spring embedded WebApplicationContext
2021-12-08 14:51:03.736  INFO 25112 --- [main] w.s.c.ServletWebServerApplicationContext : Root WebApplicationContext: initialization completed in 740 ms
2021-12-08 14:51:03.895  INFO 25112 --- [main] o.s.b.a.w.s.WelcomePageHandlerMapping    : Adding welcome page: class path resource [static/index.html]
2021-12-08 14:51:04.048  INFO 25112 --- [main] o.s.b.w.embedded.tomcat.TomcatWebServer  : Tomcat started on port(s): 8080 (http) with context path ''
2021-12-08 14:51:04.055  INFO 25112 --- [main] com.nju.edu.court.CourtApplication       : Started CourtApplication in 1.502 seconds (JVM running for 2.288)
2021-12-08 14:51:13.744  INFO 25112 --- [http-nio-8080-exec-1] o.apache.coyote.http11.Http11Processor   : Error parsing HTTP request header
 Note: further occurrences of HTTP request parsing errors will be logged at DEBUG level.

java.lang.IllegalArgumentException: Invalid character found in method name [0x160x030x010x020x000x010x000x010xfc0x030x030xb0}0xed0x9f0xc90x890x040xc3]0xad0xf80x10c0x9bW0x13Bb,0x110xde0x1cHS0x8f0x8e0x980x8f0xef7Nu ]. HTTP method names must be tokens
	at org.apache.coyote.http11.Http11InputBuffer.parseRequestLine(Http11InputBuffer.java:419)
	at org.apache.coyote.http11.Http11Processor.service(Http11Processor.java:269)
	at org.apache.coyote.AbstractProcessorLight.process(AbstractProcessorLight.java:65)
	at org.apache.coyote.AbstractProtocol$ConnectionHandler.process(AbstractProtocol.java:895)
	at org.apache.tomcat.util.net.NioEndpoint$SocketProcessor.doRun(NioEndpoint.java:1722)
	at org.apache.tomcat.util.net.SocketProcessorBase.run(SocketProcessorBase.java:49)
	at org.apache.tomcat.util.threads.ThreadPoolExecutor.runWorker(ThreadPoolExecutor.java:1191)
	at org.apache.tomcat.util.threads.ThreadPoolExecutor$Worker.run(ThreadPoolExecutor.java:659)
	at org.apache.tomcat.util.threads.TaskThread$WrappingRunnable.run(TaskThread.java:61)
	at java.lang.Thread.run(Thread.java:748)

2021-12-08 14:51:13.744  INFO 25112 --- [http-nio-8080-exec-2] o.apache.coyote.http11.Http11Processor   : Error parsing HTTP request header
 Note: further occurrences of HTTP request parsing errors will be logged at DEBUG level.

java.lang.IllegalArgumentException: Invalid character found in method name [0x160x030x010x020x000x010x000x010xfc0x030x0310x9c0xad0"0xb60xc90x890xf10xc5=0xf80xf00x130xa10x81DW0xa20xec0xab0x0fd0xbc0x080xe70xb90xf70x850xd70x810xe5 ]. HTTP method names must be tokens
	at org.apache.coyote.http11.Http11InputBuffer.parseRequestLine(Http11InputBuffer.java:419)
	at org.apache.coyote.http11.Http11Processor.service(Http11Processor.java:269)
	at org.apache.coyote.AbstractProcessorLight.process(AbstractProcessorLight.java:65)
	at org.apache.coyote.AbstractProtocol$ConnectionHandler.process(AbstractProtocol.java:895)
	at org.apache.tomcat.util.net.NioEndpoint$SocketProcessor.doRun(NioEndpoint.java:1722)
	at org.apache.tomcat.util.net.SocketProcessorBase.run(SocketProcessorBase.java:49)
	at org.apache.tomcat.util.threads.ThreadPoolExecutor.runWorker(ThreadPoolExecutor.java:1191)
	at org.apache.tomcat.util.threads.ThreadPoolExecutor$Worker.run(ThreadPoolExecutor.java:659)
	at org.apache.tomcat.util.threads.TaskThread$WrappingRunnable.run(TaskThread.java:61)
	at java.lang.Thread.run(Thread.java:748)

2021-12-08 14:52:31.972  INFO 21892 --- [main] com.nju.edu.court.CourtApplicationTests  : Starting CourtApplicationTests using Java 1.8.0_301 on Zyi with PID 21892 (started by Zyi in D:\Java\Programs\Court\court)
2021-12-08 14:52:31.973  INFO 21892 --- [main] com.nju.edu.court.CourtApplicationTests  : No active profile set, falling back to default profiles: default
2021-12-08 14:52:32.501  WARN 21892 --- [main] o.m.s.mapper.ClassPathMapperScanner      : No MyBatis mapper was found in '[com.nju.edu.court]' package. Please check your configuration.
2021-12-08 14:52:35.346  INFO 21892 --- [main] com.nju.edu.court.CourtApplicationTests  : Started CourtApplicationTests in 6.923 seconds (JVM running for 42.94)
2021-12-08 14:52:44.538  INFO 23884 --- [main] com.nju.edu.court.CourtApplication       : Starting CourtApplication using Java 1.8.0_301 on Zyi with PID 23884 (D:\Java\Programs\Court\court\target\classes started by Zyi in D:\Java\Programs\Court\court)
2021-12-08 14:52:44.540  INFO 23884 --- [main] com.nju.edu.court.CourtApplication       : No active profile set, falling back to default profiles: default
2021-12-08 14:52:44.973  WARN 23884 --- [main] o.m.s.mapper.ClassPathMapperScanner      : No MyBatis mapper was found in '[com.nju.edu.court]' package. Please check your configuration.
2021-12-08 14:52:45.204  INFO 23884 --- [main] o.s.b.w.embedded.tomcat.TomcatWebServer  : Tomcat initialized with port(s): 8080 (http)
2021-12-08 14:52:45.210  INFO 23884 --- [main] o.apache.catalina.core.StandardService   : Starting service [Tomcat]
2021-12-08 14:52:45.211  INFO 23884 --- [main] org.apache.catalina.core.StandardEngine  : Starting Servlet engine: [Apache Tomcat/9.0.55]
2021-12-08 14:52:45.286  INFO 23884 --- [main] o.a.c.c.C.[Tomcat].[localhost].[/]       : Initializing Spring embedded WebApplicationContext
2021-12-08 14:52:45.286  INFO 23884 --- [main] w.s.c.ServletWebServerApplicationContext : Root WebApplicationContext: initialization completed in 709 ms
2021-12-08 14:52:45.587  INFO 23884 --- [main] o.s.b.w.embedded.tomcat.TomcatWebServer  : Tomcat started on port(s): 8080 (http) with context path ''
2021-12-08 14:52:45.594  INFO 23884 --- [main] com.nju.edu.court.CourtApplication       : Started CourtApplication in 1.443 seconds (JVM running for 2.204)
2021-12-08 14:52:59.985  INFO 23884 --- [http-nio-8080-exec-1] o.a.c.c.C.[Tomcat].[localhost].[/]       : Initializing Spring DispatcherServlet 'dispatcherServlet'
2021-12-08 14:52:59.985  INFO 23884 --- [http-nio-8080-exec-1] o.s.web.servlet.DispatcherServlet        : Initializing Servlet 'dispatcherServlet'
2021-12-08 14:52:59.986  INFO 23884 --- [http-nio-8080-exec-1] o.s.web.servlet.DispatcherServlet        : Completed initialization in 1 ms
2021-12-08 15:04:07.109  INFO 32472 --- [main] com.nju.edu.court.CourtApplication       : Starting CourtApplication using Java 1.8.0_301 on Zyi with PID 32472 (D:\Java\Programs\Court\court\target\classes started by Zyi in D:\Java\Programs\Court\court)
2021-12-08 15:04:07.111  INFO 32472 --- [main] com.nju.edu.court.CourtApplication       : No active profile set, falling back to default profiles: default
2021-12-08 15:04:07.553  WARN 32472 --- [main] o.m.s.mapper.ClassPathMapperScanner      : No MyBatis mapper was found in '[com.nju.edu.court]' package. Please check your configuration.
2021-12-08 15:04:07.784  INFO 32472 --- [main] o.s.b.w.embedded.tomcat.TomcatWebServer  : Tomcat initialized with port(s): 8080 (http)
2021-12-08 15:04:07.791  INFO 32472 --- [main] o.apache.catalina.core.StandardService   : Starting service [Tomcat]
2021-12-08 15:04:07.791  INFO 32472 --- [main] org.apache.catalina.core.StandardEngine  : Starting Servlet engine: [Apache Tomcat/9.0.55]
2021-12-08 15:04:07.865  INFO 32472 --- [main] o.a.c.c.C.[Tomcat].[localhost].[/]       : Initializing Spring embedded WebApplicationContext
2021-12-08 15:04:07.865  INFO 32472 --- [main] w.s.c.ServletWebServerApplicationContext : Root WebApplicationContext: initialization completed in 715 ms
2021-12-08 15:04:08.174  INFO 32472 --- [main] o.s.b.w.embedded.tomcat.TomcatWebServer  : Tomcat started on port(s): 8080 (http) with context path ''
2021-12-08 15:04:08.181  INFO 32472 --- [main] com.nju.edu.court.CourtApplication       : Started CourtApplication in 1.442 seconds (JVM running for 2.194)
2021-12-08 15:04:20.947  INFO 32472 --- [http-nio-8080-exec-1] o.a.c.c.C.[Tomcat].[localhost].[/]       : Initializing Spring DispatcherServlet 'dispatcherServlet'
2021-12-08 15:04:20.948  INFO 32472 --- [http-nio-8080-exec-1] o.s.web.servlet.DispatcherServlet        : Initializing Servlet 'dispatcherServlet'
2021-12-08 15:04:20.949  INFO 32472 --- [http-nio-8080-exec-1] o.s.web.servlet.DispatcherServlet        : Completed initialization in 1 ms
2021-12-08 15:35:26.083  INFO 20664 --- [main] com.nju.edu.court.CourtApplication       : Starting CourtApplication using Java 1.8.0_301 on Zyi with PID 20664 (D:\Java\Programs\Court\court\target\classes started by Zyi in D:\Java\Programs\Court\court)
2021-12-08 15:35:26.086  INFO 20664 --- [main] com.nju.edu.court.CourtApplication       : No active profile set, falling back to default profiles: default
2021-12-08 15:35:26.506  WARN 20664 --- [main] o.m.s.mapper.ClassPathMapperScanner      : No MyBatis mapper was found in '[com.nju.edu.court]' package. Please check your configuration.
2021-12-08 15:35:26.726  INFO 20664 --- [main] o.s.b.w.embedded.tomcat.TomcatWebServer  : Tomcat initialized with port(s): 8080 (http)
2021-12-08 15:35:26.732  INFO 20664 --- [main] o.apache.catalina.core.StandardService   : Starting service [Tomcat]
2021-12-08 15:35:26.732  INFO 20664 --- [main] org.apache.catalina.core.StandardEngine  : Starting Servlet engine: [Apache Tomcat/9.0.55]
2021-12-08 15:35:26.806  INFO 20664 --- [main] o.a.c.c.C.[Tomcat].[localhost].[/]       : Initializing Spring embedded WebApplicationContext
2021-12-08 15:35:26.806  INFO 20664 --- [main] w.s.c.ServletWebServerApplicationContext : Root WebApplicationContext: initialization completed in 688 ms
2021-12-08 15:35:27.096  INFO 20664 --- [main] o.s.b.w.embedded.tomcat.TomcatWebServer  : Tomcat started on port(s): 8080 (http) with context path ''
2021-12-08 15:35:27.103  INFO 20664 --- [main] com.nju.edu.court.CourtApplication       : Started CourtApplication in 1.395 seconds (JVM running for 2.143)
2021-12-08 15:35:40.075  INFO 20664 --- [http-nio-8080-exec-1] o.a.c.c.C.[Tomcat].[localhost].[/]       : Initializing Spring DispatcherServlet 'dispatcherServlet'
2021-12-08 15:35:40.076  INFO 20664 --- [http-nio-8080-exec-1] o.s.web.servlet.DispatcherServlet        : Initializing Servlet 'dispatcherServlet'
2021-12-08 15:35:40.077  INFO 20664 --- [http-nio-8080-exec-1] o.s.web.servlet.DispatcherServlet        : Completed initialization in 1 ms
2021-12-08 15:36:06.244 ERROR 20664 --- [http-nio-8080-exec-3] o.a.c.c.C.[.[.[/].[dispatcherServlet]    : Servlet.service() for servlet [dispatcherServlet] in context with path [] threw exception [Request processing failed; nested exception is java.lang.NullPointerException] with root cause

java.lang.NullPointerException: null
	at com.nju.edu.court.controller.Controller.segInCh(Controller.java:41)
	at com.nju.edu.court.controller.Controller.getStr(Controller.java:27)
	at sun.reflect.NativeMethodAccessorImpl.invoke0(Native Method)
	at sun.reflect.NativeMethodAccessorImpl.invoke(NativeMethodAccessorImpl.java:62)
	at sun.reflect.DelegatingMethodAccessorImpl.invoke(DelegatingMethodAccessorImpl.java:43)
	at java.lang.reflect.Method.invoke(Method.java:498)
	at org.springframework.web.method.support.InvocableHandlerMethod.doInvoke(InvocableHandlerMethod.java:205)
	at org.springframework.web.method.support.InvocableHandlerMethod.invokeForRequest(InvocableHandlerMethod.java:150)
	at org.springframework.web.servlet.mvc.method.annotation.ServletInvocableHandlerMethod.invokeAndHandle(ServletInvocableHandlerMethod.java:117)
	at org.springframework.web.servlet.mvc.method.annotation.RequestMappingHandlerAdapter.invokeHandlerMethod(RequestMappingHandlerAdapter.java:895)
	at org.springframework.web.servlet.mvc.method.annotation.RequestMappingHandlerAdapter.handleInternal(RequestMappingHandlerAdapter.java:808)
	at org.springframework.web.servlet.mvc.method.AbstractHandlerMethodAdapter.handle(AbstractHandlerMethodAdapter.java:87)
	at org.springframework.web.servlet.DispatcherServlet.doDispatch(DispatcherServlet.java:1067)
	at org.springframework.web.servlet.DispatcherServlet.doService(DispatcherServlet.java:963)
	at org.springframework.web.servlet.FrameworkServlet.processRequest(FrameworkServlet.java:1006)
	at org.springframework.web.servlet.FrameworkServlet.doGet(FrameworkServlet.java:898)
	at javax.servlet.http.HttpServlet.service(HttpServlet.java:655)
	at org.springframework.web.servlet.FrameworkServlet.service(FrameworkServlet.java:883)
	at javax.servlet.http.HttpServlet.service(HttpServlet.java:764)
	at org.apache.catalina.core.ApplicationFilterChain.internalDoFilter(ApplicationFilterChain.java:227)
	at org.apache.catalina.core.ApplicationFilterChain.doFilter(ApplicationFilterChain.java:162)
	at org.apache.tomcat.websocket.server.WsFilter.doFilter(WsFilter.java:53)
	at org.apache.catalina.core.ApplicationFilterChain.internalDoFilter(ApplicationFilterChain.java:189)
	at org.apache.catalina.core.ApplicationFilterChain.doFilter(ApplicationFilterChain.java:162)
	at org.springframework.web.filter.RequestContextFilter.doFilterInternal(RequestContextFilter.java:100)
	at org.springframework.web.filter.OncePerRequestFilter.doFilter(OncePerRequestFilter.java:119)
	at org.apache.catalina.core.ApplicationFilterChain.internalDoFilter(ApplicationFilterChain.java:189)
	at org.apache.catalina.core.ApplicationFilterChain.doFilter(ApplicationFilterChain.java:162)
	at org.springframework.web.filter.FormContentFilter.doFilterInternal(FormContentFilter.java:93)
	at org.springframework.web.filter.OncePerRequestFilter.doFilter(OncePerRequestFilter.java:119)
	at org.apache.catalina.core.ApplicationFilterChain.internalDoFilter(ApplicationFilterChain.java:189)
	at org.apache.catalina.core.ApplicationFilterChain.doFilter(ApplicationFilterChain.java:162)
	at org.springframework.web.filter.CharacterEncodingFilter.doFilterInternal(CharacterEncodingFilter.java:201)
	at org.springframework.web.filter.OncePerRequestFilter.doFilter(OncePerRequestFilter.java:119)
	at org.apache.catalina.core.ApplicationFilterChain.internalDoFilter(ApplicationFilterChain.java:189)
	at org.apache.catalina.core.ApplicationFilterChain.doFilter(ApplicationFilterChain.java:162)
	at org.apache.catalina.core.StandardWrapperValve.invoke(StandardWrapperValve.java:197)
	at org.apache.catalina.core.StandardContextValve.invoke(StandardContextValve.java:97)
	at org.apache.catalina.authenticator.AuthenticatorBase.invoke(AuthenticatorBase.java:540)
	at org.apache.catalina.core.StandardHostValve.invoke(StandardHostValve.java:135)
	at org.apache.catalina.valves.ErrorReportValve.invoke(ErrorReportValve.java:92)
	at org.apache.catalina.core.StandardEngineValve.invoke(StandardEngineValve.java:78)
	at org.apache.catalina.connector.CoyoteAdapter.service(CoyoteAdapter.java:357)
	at org.apache.coyote.http11.Http11Processor.service(Http11Processor.java:382)
	at org.apache.coyote.AbstractProcessorLight.process(AbstractProcessorLight.java:65)
	at org.apache.coyote.AbstractProtocol$ConnectionHandler.process(AbstractProtocol.java:895)
	at org.apache.tomcat.util.net.NioEndpoint$SocketProcessor.doRun(NioEndpoint.java:1722)
	at org.apache.tomcat.util.net.SocketProcessorBase.run(SocketProcessorBase.java:49)
	at org.apache.tomcat.util.threads.ThreadPoolExecutor.runWorker(ThreadPoolExecutor.java:1191)
	at org.apache.tomcat.util.threads.ThreadPoolExecutor$Worker.run(ThreadPoolExecutor.java:659)
	at org.apache.tomcat.util.threads.TaskThread$WrappingRunnable.run(TaskThread.java:61)
	at java.lang.Thread.run(Thread.java:748)

2021-12-08 15:36:43.313  INFO 21764 --- [main] com.nju.edu.court.CourtApplication       : Starting CourtApplication using Java 1.8.0_301 on Zyi with PID 21764 (D:\Java\Programs\Court\court\target\classes started by Zyi in D:\Java\Programs\Court\court)
2021-12-08 15:36:43.317  INFO 21764 --- [main] com.nju.edu.court.CourtApplication       : No active profile set, falling back to default profiles: default
2021-12-08 15:36:43.925  WARN 21764 --- [main] o.m.s.mapper.ClassPathMapperScanner      : No MyBatis mapper was found in '[com.nju.edu.court]' package. Please check your configuration.
2021-12-08 15:36:44.600  INFO 21764 --- [main] o.s.b.w.embedded.tomcat.TomcatWebServer  : Tomcat initialized with port(s): 8080 (http)
2021-12-08 15:36:44.610  INFO 21764 --- [main] o.apache.catalina.core.StandardService   : Starting service [Tomcat]
2021-12-08 15:36:44.611  INFO 21764 --- [main] org.apache.catalina.core.StandardEngine  : Starting Servlet engine: [Apache Tomcat/9.0.55]
2021-12-08 15:36:44.718  INFO 21764 --- [main] o.a.c.c.C.[Tomcat].[localhost].[/]       : Initializing Spring embedded WebApplicationContext
2021-12-08 15:36:44.718  INFO 21764 --- [main] w.s.c.ServletWebServerApplicationContext : Root WebApplicationContext: initialization completed in 1352 ms
2021-12-08 15:36:45.178  INFO 21764 --- [main] o.s.b.w.embedded.tomcat.TomcatWebServer  : Tomcat started on port(s): 8080 (http) with context path ''
2021-12-08 15:36:45.186  INFO 21764 --- [main] com.nju.edu.court.CourtApplication       : Started CourtApplication in 2.373 seconds (JVM running for 2.78)
2021-12-08 15:36:48.882  INFO 21764 --- [http-nio-8080-exec-1] o.a.c.c.C.[Tomcat].[localhost].[/]       : Initializing Spring DispatcherServlet 'dispatcherServlet'
2021-12-08 15:36:48.882  INFO 21764 --- [http-nio-8080-exec-1] o.s.web.servlet.DispatcherServlet        : Initializing Servlet 'dispatcherServlet'
2021-12-08 15:36:48.883  INFO 21764 --- [http-nio-8080-exec-1] o.s.web.servlet.DispatcherServlet        : Completed initialization in 1 ms
2021-12-08 15:36:48.936  INFO 21764 --- [http-nio-8080-exec-1] e.stanford.nlp.pipeline.StanfordCoreNLP  : Adding annotator pos
2021-12-08 15:36:49.363  INFO 21764 --- [http-nio-8080-exec-1] e.s.nlp.tagger.maxent.MaxentTagger       : Loading POS tagger from edu/stanford/nlp/models/pos-tagger/english-left3words-distsim.tagger ... done [0.4 sec].
2021-12-08 15:36:49.403 ERROR 21764 --- [http-nio-8080-exec-1] o.a.c.c.C.[.[.[/].[dispatcherServlet]    : Servlet.service() for servlet [dispatcherServlet] in context with path [] threw exception [Request processing failed; nested exception is java.lang.IllegalArgumentException: annotator "pos" requires annotation "TextAnnotation". The usual requirements for this annotator are: tokenize,ssplit] with root cause

java.lang.IllegalArgumentException: annotator "pos" requires annotation "TextAnnotation". The usual requirements for this annotator are: tokenize,ssplit
	at edu.stanford.nlp.pipeline.StanfordCoreNLP.<init>(StanfordCoreNLP.java:262)
	at edu.stanford.nlp.pipeline.StanfordCoreNLP.<init>(StanfordCoreNLP.java:194)
	at edu.stanford.nlp.pipeline.StanfordCoreNLP.<init>(StanfordCoreNLP.java:190)
	at com.nju.edu.court.controller.Controller.init(Controller.java:34)
	at com.nju.edu.court.controller.Controller.getStr(Controller.java:27)
	at sun.reflect.NativeMethodAccessorImpl.invoke0(Native Method)
	at sun.reflect.NativeMethodAccessorImpl.invoke(NativeMethodAccessorImpl.java:62)
	at sun.reflect.DelegatingMethodAccessorImpl.invoke(DelegatingMethodAccessorImpl.java:43)
	at java.lang.reflect.Method.invoke(Method.java:498)
	at org.springframework.web.method.support.InvocableHandlerMethod.doInvoke(InvocableHandlerMethod.java:205)
	at org.springframework.web.method.support.InvocableHandlerMethod.invokeForRequest(InvocableHandlerMethod.java:150)
	at org.springframework.web.servlet.mvc.method.annotation.ServletInvocableHandlerMethod.invokeAndHandle(ServletInvocableHandlerMethod.java:117)
	at org.springframework.web.servlet.mvc.method.annotation.RequestMappingHandlerAdapter.invokeHandlerMethod(RequestMappingHandlerAdapter.java:895)
	at org.springframework.web.servlet.mvc.method.annotation.RequestMappingHandlerAdapter.handleInternal(RequestMappingHandlerAdapter.java:808)
	at org.springframework.web.servlet.mvc.method.AbstractHandlerMethodAdapter.handle(AbstractHandlerMethodAdapter.java:87)
	at org.springframework.web.servlet.DispatcherServlet.doDispatch(DispatcherServlet.java:1067)
	at org.springframework.web.servlet.DispatcherServlet.doService(DispatcherServlet.java:963)
	at org.springframework.web.servlet.FrameworkServlet.processRequest(FrameworkServlet.java:1006)
	at org.springframework.web.servlet.FrameworkServlet.doGet(FrameworkServlet.java:898)
	at javax.servlet.http.HttpServlet.service(HttpServlet.java:655)
	at org.springframework.web.servlet.FrameworkServlet.service(FrameworkServlet.java:883)
	at javax.servlet.http.HttpServlet.service(HttpServlet.java:764)
	at org.apache.catalina.core.ApplicationFilterChain.internalDoFilter(ApplicationFilterChain.java:227)
	at org.apache.catalina.core.ApplicationFilterChain.doFilter(ApplicationFilterChain.java:162)
	at org.apache.tomcat.websocket.server.WsFilter.doFilter(WsFilter.java:53)
	at org.apache.catalina.core.ApplicationFilterChain.internalDoFilter(ApplicationFilterChain.java:189)
	at org.apache.catalina.core.ApplicationFilterChain.doFilter(ApplicationFilterChain.java:162)
	at org.springframework.web.filter.RequestContextFilter.doFilterInternal(RequestContextFilter.java:100)
	at org.springframework.web.filter.OncePerRequestFilter.doFilter(OncePerRequestFilter.java:119)
	at org.apache.catalina.core.ApplicationFilterChain.internalDoFilter(ApplicationFilterChain.java:189)
	at org.apache.catalina.core.ApplicationFilterChain.doFilter(ApplicationFilterChain.java:162)
	at org.springframework.web.filter.FormContentFilter.doFilterInternal(FormContentFilter.java:93)
	at org.springframework.web.filter.OncePerRequestFilter.doFilter(OncePerRequestFilter.java:119)
	at org.apache.catalina.core.ApplicationFilterChain.internalDoFilter(ApplicationFilterChain.java:189)
	at org.apache.catalina.core.ApplicationFilterChain.doFilter(ApplicationFilterChain.java:162)
	at org.springframework.web.filter.CharacterEncodingFilter.doFilterInternal(CharacterEncodingFilter.java:201)
	at org.springframework.web.filter.OncePerRequestFilter.doFilter(OncePerRequestFilter.java:119)
	at org.apache.catalina.core.ApplicationFilterChain.internalDoFilter(ApplicationFilterChain.java:189)
	at org.apache.catalina.core.ApplicationFilterChain.doFilter(ApplicationFilterChain.java:162)
	at org.apache.catalina.core.StandardWrapperValve.invoke(StandardWrapperValve.java:197)
	at org.apache.catalina.core.StandardContextValve.invoke(StandardContextValve.java:97)
	at org.apache.catalina.authenticator.AuthenticatorBase.invoke(AuthenticatorBase.java:540)
	at org.apache.catalina.core.StandardHostValve.invoke(StandardHostValve.java:135)
	at org.apache.catalina.valves.ErrorReportValve.invoke(ErrorReportValve.java:92)
	at org.apache.catalina.core.StandardEngineValve.invoke(StandardEngineValve.java:78)
	at org.apache.catalina.connector.CoyoteAdapter.service(CoyoteAdapter.java:357)
	at org.apache.coyote.http11.Http11Processor.service(Http11Processor.java:382)
	at org.apache.coyote.AbstractProcessorLight.process(AbstractProcessorLight.java:65)
	at org.apache.coyote.AbstractProtocol$ConnectionHandler.process(AbstractProtocol.java:895)
	at org.apache.tomcat.util.net.NioEndpoint$SocketProcessor.doRun(NioEndpoint.java:1722)
	at org.apache.tomcat.util.net.SocketProcessorBase.run(SocketProcessorBase.java:49)
	at org.apache.tomcat.util.threads.ThreadPoolExecutor.runWorker(ThreadPoolExecutor.java:1191)
	at org.apache.tomcat.util.threads.ThreadPoolExecutor$Worker.run(ThreadPoolExecutor.java:659)
	at org.apache.tomcat.util.threads.TaskThread$WrappingRunnable.run(TaskThread.java:61)
	at java.lang.Thread.run(Thread.java:748)

2021-12-08 15:37:28.541  INFO 12660 --- [main] com.nju.edu.court.CourtApplication       : Starting CourtApplication using Java 1.8.0_301 on Zyi with PID 12660 (D:\Java\Programs\Court\court\target\classes started by Zyi in D:\Java\Programs\Court\court)
2021-12-08 15:37:28.544  INFO 12660 --- [main] com.nju.edu.court.CourtApplication       : No active profile set, falling back to default profiles: default
2021-12-08 15:37:29.142  WARN 12660 --- [main] o.m.s.mapper.ClassPathMapperScanner      : No MyBatis mapper was found in '[com.nju.edu.court]' package. Please check your configuration.
2021-12-08 15:37:29.784  INFO 12660 --- [main] o.s.b.w.embedded.tomcat.TomcatWebServer  : Tomcat initialized with port(s): 8080 (http)
2021-12-08 15:37:29.794  INFO 12660 --- [main] o.apache.catalina.core.StandardService   : Starting service [Tomcat]
2021-12-08 15:37:29.794  INFO 12660 --- [main] org.apache.catalina.core.StandardEngine  : Starting Servlet engine: [Apache Tomcat/9.0.55]
2021-12-08 15:37:29.888  INFO 12660 --- [main] o.a.c.c.C.[Tomcat].[localhost].[/]       : Initializing Spring embedded WebApplicationContext
2021-12-08 15:37:29.888  INFO 12660 --- [main] w.s.c.ServletWebServerApplicationContext : Root WebApplicationContext: initialization completed in 1297 ms
2021-12-08 15:37:30.322  INFO 12660 --- [main] o.s.b.w.embedded.tomcat.TomcatWebServer  : Tomcat started on port(s): 8080 (http) with context path ''
2021-12-08 15:37:30.329  INFO 12660 --- [main] com.nju.edu.court.CourtApplication       : Started CourtApplication in 2.268 seconds (JVM running for 2.686)
2021-12-08 15:37:33.907  INFO 12660 --- [http-nio-8080-exec-1] o.a.c.c.C.[Tomcat].[localhost].[/]       : Initializing Spring DispatcherServlet 'dispatcherServlet'
2021-12-08 15:37:33.908  INFO 12660 --- [http-nio-8080-exec-1] o.s.web.servlet.DispatcherServlet        : Initializing Servlet 'dispatcherServlet'
2021-12-08 15:37:33.908  INFO 12660 --- [http-nio-8080-exec-1] o.s.web.servlet.DispatcherServlet        : Completed initialization in 0 ms
2021-12-08 15:37:33.957  INFO 12660 --- [http-nio-8080-exec-1] e.stanford.nlp.pipeline.StanfordCoreNLP  : Adding annotator tokenize
2021-12-08 15:37:34.013 ERROR 12660 --- [http-nio-8080-exec-1] o.a.c.c.C.[.[.[/].[dispatcherServlet]    : Servlet.service() for servlet [dispatcherServlet] in context with path [] threw exception [Request processing failed; nested exception is java.lang.NullPointerException] with root cause

java.lang.NullPointerException: null
	at com.nju.edu.court.controller.Controller.segInCh(Controller.java:46)
	at com.nju.edu.court.controller.Controller.getStr(Controller.java:28)
	at sun.reflect.NativeMethodAccessorImpl.invoke0(Native Method)
	at sun.reflect.NativeMethodAccessorImpl.invoke(NativeMethodAccessorImpl.java:62)
	at sun.reflect.DelegatingMethodAccessorImpl.invoke(DelegatingMethodAccessorImpl.java:43)
	at java.lang.reflect.Method.invoke(Method.java:498)
	at org.springframework.web.method.support.InvocableHandlerMethod.doInvoke(InvocableHandlerMethod.java:205)
	at org.springframework.web.method.support.InvocableHandlerMethod.invokeForRequest(InvocableHandlerMethod.java:150)
	at org.springframework.web.servlet.mvc.method.annotation.ServletInvocableHandlerMethod.invokeAndHandle(ServletInvocableHandlerMethod.java:117)
	at org.springframework.web.servlet.mvc.method.annotation.RequestMappingHandlerAdapter.invokeHandlerMethod(RequestMappingHandlerAdapter.java:895)
	at org.springframework.web.servlet.mvc.method.annotation.RequestMappingHandlerAdapter.handleInternal(RequestMappingHandlerAdapter.java:808)
	at org.springframework.web.servlet.mvc.method.AbstractHandlerMethodAdapter.handle(AbstractHandlerMethodAdapter.java:87)
	at org.springframework.web.servlet.DispatcherServlet.doDispatch(DispatcherServlet.java:1067)
	at org.springframework.web.servlet.DispatcherServlet.doService(DispatcherServlet.java:963)
	at org.springframework.web.servlet.FrameworkServlet.processRequest(FrameworkServlet.java:1006)
	at org.springframework.web.servlet.FrameworkServlet.doGet(FrameworkServlet.java:898)
	at javax.servlet.http.HttpServlet.service(HttpServlet.java:655)
	at org.springframework.web.servlet.FrameworkServlet.service(FrameworkServlet.java:883)
	at javax.servlet.http.HttpServlet.service(HttpServlet.java:764)
	at org.apache.catalina.core.ApplicationFilterChain.internalDoFilter(ApplicationFilterChain.java:227)
	at org.apache.catalina.core.ApplicationFilterChain.doFilter(ApplicationFilterChain.java:162)
	at org.apache.tomcat.websocket.server.WsFilter.doFilter(WsFilter.java:53)
	at org.apache.catalina.core.ApplicationFilterChain.internalDoFilter(ApplicationFilterChain.java:189)
	at org.apache.catalina.core.ApplicationFilterChain.doFilter(ApplicationFilterChain.java:162)
	at org.springframework.web.filter.RequestContextFilter.doFilterInternal(RequestContextFilter.java:100)
	at org.springframework.web.filter.OncePerRequestFilter.doFilter(OncePerRequestFilter.java:119)
	at org.apache.catalina.core.ApplicationFilterChain.internalDoFilter(ApplicationFilterChain.java:189)
	at org.apache.catalina.core.ApplicationFilterChain.doFilter(ApplicationFilterChain.java:162)
	at org.springframework.web.filter.FormContentFilter.doFilterInternal(FormContentFilter.java:93)
	at org.springframework.web.filter.OncePerRequestFilter.doFilter(OncePerRequestFilter.java:119)
	at org.apache.catalina.core.ApplicationFilterChain.internalDoFilter(ApplicationFilterChain.java:189)
	at org.apache.catalina.core.ApplicationFilterChain.doFilter(ApplicationFilterChain.java:162)
	at org.springframework.web.filter.CharacterEncodingFilter.doFilterInternal(CharacterEncodingFilter.java:201)
	at org.springframework.web.filter.OncePerRequestFilter.doFilter(OncePerRequestFilter.java:119)
	at org.apache.catalina.core.ApplicationFilterChain.internalDoFilter(ApplicationFilterChain.java:189)
	at org.apache.catalina.core.ApplicationFilterChain.doFilter(ApplicationFilterChain.java:162)
	at org.apache.catalina.core.StandardWrapperValve.invoke(StandardWrapperValve.java:197)
	at org.apache.catalina.core.StandardContextValve.invoke(StandardContextValve.java:97)
	at org.apache.catalina.authenticator.AuthenticatorBase.invoke(AuthenticatorBase.java:540)
	at org.apache.catalina.core.StandardHostValve.invoke(StandardHostValve.java:135)
	at org.apache.catalina.valves.ErrorReportValve.invoke(ErrorReportValve.java:92)
	at org.apache.catalina.core.StandardEngineValve.invoke(StandardEngineValve.java:78)
	at org.apache.catalina.connector.CoyoteAdapter.service(CoyoteAdapter.java:357)
	at org.apache.coyote.http11.Http11Processor.service(Http11Processor.java:382)
	at org.apache.coyote.AbstractProcessorLight.process(AbstractProcessorLight.java:65)
	at org.apache.coyote.AbstractProtocol$ConnectionHandler.process(AbstractProtocol.java:895)
	at org.apache.tomcat.util.net.NioEndpoint$SocketProcessor.doRun(NioEndpoint.java:1722)
	at org.apache.tomcat.util.net.SocketProcessorBase.run(SocketProcessorBase.java:49)
	at org.apache.tomcat.util.threads.ThreadPoolExecutor.runWorker(ThreadPoolExecutor.java:1191)
	at org.apache.tomcat.util.threads.ThreadPoolExecutor$Worker.run(ThreadPoolExecutor.java:659)
	at org.apache.tomcat.util.threads.TaskThread$WrappingRunnable.run(TaskThread.java:61)
	at java.lang.Thread.run(Thread.java:748)

2021-12-08 15:38:53.071  INFO 2216 --- [main] com.nju.edu.court.CourtApplication       : Starting CourtApplication using Java 1.8.0_301 on Zyi with PID 2216 (D:\Java\Programs\Court\court\target\classes started by Zyi in D:\Java\Programs\Court\court)
2021-12-08 15:38:53.074  INFO 2216 --- [main] com.nju.edu.court.CourtApplication       : No active profile set, falling back to default profiles: default
2021-12-08 15:38:53.688  WARN 2216 --- [main] o.m.s.mapper.ClassPathMapperScanner      : No MyBatis mapper was found in '[com.nju.edu.court]' package. Please check your configuration.
2021-12-08 15:38:54.484  INFO 2216 --- [main] o.s.b.w.embedded.tomcat.TomcatWebServer  : Tomcat initialized with port(s): 8080 (http)
2021-12-08 15:38:54.495  INFO 2216 --- [main] o.apache.catalina.core.StandardService   : Starting service [Tomcat]
2021-12-08 15:38:54.495  INFO 2216 --- [main] org.apache.catalina.core.StandardEngine  : Starting Servlet engine: [Apache Tomcat/9.0.55]
2021-12-08 15:38:54.604  INFO 2216 --- [main] o.a.c.c.C.[Tomcat].[localhost].[/]       : Initializing Spring embedded WebApplicationContext
2021-12-08 15:38:54.604  INFO 2216 --- [main] w.s.c.ServletWebServerApplicationContext : Root WebApplicationContext: initialization completed in 1475 ms
2021-12-08 15:38:55.232  INFO 2216 --- [main] o.s.b.w.embedded.tomcat.TomcatWebServer  : Tomcat started on port(s): 8080 (http) with context path ''
2021-12-08 15:38:55.242  INFO 2216 --- [main] com.nju.edu.court.CourtApplication       : Started CourtApplication in 2.716 seconds (JVM running for 3.661)
2021-12-08 15:51:55.166  INFO 31928 --- [main] com.nju.edu.court.CourtApplication       : Starting CourtApplication using Java 1.8.0_301 on Zyi with PID 31928 (D:\Java\Programs\Court\court\target\classes started by Zyi in D:\Java\Programs\Court\court)
2021-12-08 15:51:55.168  INFO 31928 --- [main] com.nju.edu.court.CourtApplication       : No active profile set, falling back to default profiles: default
2021-12-08 15:51:55.612  WARN 31928 --- [main] o.m.s.mapper.ClassPathMapperScanner      : No MyBatis mapper was found in '[com.nju.edu.court]' package. Please check your configuration.
2021-12-08 15:51:55.869  INFO 31928 --- [main] o.s.b.w.embedded.tomcat.TomcatWebServer  : Tomcat initialized with port(s): 8080 (http)
2021-12-08 15:51:55.876  INFO 31928 --- [main] o.apache.catalina.core.StandardService   : Starting service [Tomcat]
2021-12-08 15:51:55.877  INFO 31928 --- [main] org.apache.catalina.core.StandardEngine  : Starting Servlet engine: [Apache Tomcat/9.0.55]
2021-12-08 15:51:55.952  INFO 31928 --- [main] o.a.c.c.C.[Tomcat].[localhost].[/]       : Initializing Spring embedded WebApplicationContext
2021-12-08 15:51:55.953  INFO 31928 --- [main] w.s.c.ServletWebServerApplicationContext : Root WebApplicationContext: initialization completed in 752 ms
2021-12-08 15:51:56.294  INFO 31928 --- [main] o.s.b.w.embedded.tomcat.TomcatWebServer  : Tomcat started on port(s): 8080 (http) with context path ''
2021-12-08 15:51:56.301  INFO 31928 --- [main] com.nju.edu.court.CourtApplication       : Started CourtApplication in 1.512 seconds (JVM running for 2.303)
2021-12-08 15:52:05.638  INFO 31928 --- [http-nio-8080-exec-1] o.a.c.c.C.[Tomcat].[localhost].[/]       : Initializing Spring DispatcherServlet 'dispatcherServlet'
2021-12-08 15:52:05.639  INFO 31928 --- [http-nio-8080-exec-1] o.s.web.servlet.DispatcherServlet        : Initializing Servlet 'dispatcherServlet'
2021-12-08 15:52:05.640  INFO 31928 --- [http-nio-8080-exec-1] o.s.web.servlet.DispatcherServlet        : Completed initialization in 1 ms
2021-12-08 15:52:09.821  INFO 31928 --- [http-nio-8080-exec-2] e.stanford.nlp.pipeline.StanfordCoreNLP  : Searching for resource: StanfordCoreNLP-chinese.properties ... found.
2021-12-08 15:52:09.830  INFO 31928 --- [http-nio-8080-exec-2] e.stanford.nlp.pipeline.StanfordCoreNLP  : Adding annotator tokenize
2021-12-08 15:52:27.339  INFO 31928 --- [http-nio-8080-exec-2] e.s.nlp.ie.AbstractSequenceClassifier    : Loading classifier from edu/stanford/nlp/models/segmenter/chinese/ctb.gz ... done [17.5 sec].
2021-12-08 15:52:27.342  INFO 31928 --- [http-nio-8080-exec-2] e.stanford.nlp.pipeline.StanfordCoreNLP  : Adding annotator ssplit
2021-12-08 15:52:27.345  INFO 31928 --- [http-nio-8080-exec-2] e.stanford.nlp.pipeline.StanfordCoreNLP  : Adding annotator pos
2021-12-08 15:52:30.654  INFO 31928 --- [http-nio-8080-exec-2] e.s.nlp.tagger.maxent.MaxentTagger       : Loading POS tagger from edu/stanford/nlp/models/pos-tagger/chinese-distsim.tagger ... done [3.3 sec].
2021-12-08 15:52:30.654  INFO 31928 --- [http-nio-8080-exec-2] e.stanford.nlp.pipeline.StanfordCoreNLP  : Adding annotator lemma
2021-12-08 15:52:30.655  INFO 31928 --- [http-nio-8080-exec-2] e.stanford.nlp.pipeline.StanfordCoreNLP  : Adding annotator ner
2021-12-08 15:52:32.538  INFO 31928 --- [http-nio-8080-exec-2] e.s.nlp.ie.AbstractSequenceClassifier    : Loading classifier from edu/stanford/nlp/models/ner/chinese.misc.distsim.crf.ser.gz ... done [1.9 sec].
2021-12-08 15:52:32.617  INFO 31928 --- [http-nio-8080-exec-2] e.s.n.pipeline.TokensRegexNERAnnotator   : ner.fine.regexner: Read 21238 unique entries out of 21249 from edu/stanford/nlp/models/kbp/chinese/gazetteers/cn_regexner_mapping.tab, 0 TokensRegex patterns.
2021-12-08 15:52:32.732  INFO 31928 --- [http-nio-8080-exec-2] e.s.nlp.pipeline.NERCombinerAnnotator    : numeric classifiers: true; SUTime: false [no docDate]; fine grained: true
2021-12-08 15:52:32.734  INFO 31928 --- [http-nio-8080-exec-2] e.stanford.nlp.pipeline.StanfordCoreNLP  : Adding annotator parse
2021-12-08 15:52:42.433  INFO 31928 --- [http-nio-8080-exec-2] e.s.nlp.parser.common.ParserGrammar      : Loading parser from serialized file edu/stanford/nlp/models/srparser/chineseSR.ser.gz ... done [9.7 sec].
2021-12-08 15:52:42.437  INFO 31928 --- [http-nio-8080-exec-2] e.stanford.nlp.pipeline.StanfordCoreNLP  : Adding annotator coref
2021-12-08 15:52:46.567  INFO 31928 --- [http-nio-8080-exec-2] e.s.nlp.pipeline.CorefMentionAnnotator   : Using mention detector type: rule
2021-12-08 15:52:46.571  INFO 31928 --- [http-nio-8080-exec-2] e.s.nlp.wordseg.ChineseDictionary        : Loading Chinese dictionaries from 1 file:
2021-12-08 15:52:46.571  INFO 31928 --- [http-nio-8080-exec-2] e.s.nlp.wordseg.ChineseDictionary        :   edu/stanford/nlp/models/segmenter/chinese/dict-chris6.ser.gz
2021-12-08 15:52:46.736  INFO 31928 --- [http-nio-8080-exec-2] e.s.nlp.wordseg.ChineseDictionary        : Done. Unique words in ChineseDictionary is: 423200.
2021-12-08 15:52:46.767  INFO 31928 --- [http-nio-8080-exec-2] edu.stanford.nlp.wordseg.CorpusChar      : Loading character dictionary file from edu/stanford/nlp/models/segmenter/chinese/dict/character_list [done].
2021-12-08 15:52:46.768  INFO 31928 --- [http-nio-8080-exec-2] e.stanford.nlp.wordseg.AffixDictionary   : Loading affix dictionary from edu/stanford/nlp/models/segmenter/chinese/dict/in.ctb [done].
2021-12-08 15:52:46.780  INFO 31928 --- [http-nio-8080-exec-2] edu.stanford.nlp.wordseg.CorpusChar      : Loading character dictionary file from edu/stanford/nlp/models/segmenter/chinese/dict/character_list [done].
2021-12-08 15:52:46.781  INFO 31928 --- [http-nio-8080-exec-2] e.stanford.nlp.wordseg.AffixDictionary   : Loading affix dictionary from edu/stanford/nlp/models/segmenter/chinese/dict/in.ctb [done].
2021-12-10 00:05:59.295  INFO 1624 --- [main] com.nju.edu.court.CourtApplication       : Starting CourtApplication using Java 1.8.0_301 on Zyi with PID 1624 (D:\Java\Programs\Court\court\target\classes started by Zyi in D:\Java\Programs\Court\court)
2021-12-10 00:05:59.327  INFO 1624 --- [main] com.nju.edu.court.CourtApplication       : No active profile set, falling back to default profiles: default
2021-12-10 00:05:59.734  WARN 1624 --- [main] o.m.s.mapper.ClassPathMapperScanner      : No MyBatis mapper was found in '[com.nju.edu.court]' package. Please check your configuration.
2021-12-10 00:06:00.235  INFO 1624 --- [main] o.s.b.w.embedded.tomcat.TomcatWebServer  : Tomcat initialized with port(s): 8080 (http)
2021-12-10 00:06:00.242  INFO 1624 --- [main] o.apache.catalina.core.StandardService   : Starting service [Tomcat]
2021-12-10 00:06:00.242  INFO 1624 --- [main] org.apache.catalina.core.StandardEngine  : Starting Servlet engine: [Apache Tomcat/9.0.55]
2021-12-10 00:06:00.302  INFO 1624 --- [main] o.a.c.c.C.[Tomcat].[localhost].[/]       : Initializing Spring embedded WebApplicationContext
2021-12-10 00:06:00.302  INFO 1624 --- [main] w.s.c.ServletWebServerApplicationContext : Root WebApplicationContext: initialization completed in 944 ms
2021-12-10 00:06:00.576  INFO 1624 --- [main] o.s.b.w.embedded.tomcat.TomcatWebServer  : Tomcat started on port(s): 8080 (http) with context path ''
2021-12-10 00:06:00.583  INFO 1624 --- [main] com.nju.edu.court.CourtApplication       : Started CourtApplication in 1.641 seconds (JVM running for 1.987)
2021-12-10 00:06:55.018  INFO 1624 --- [http-nio-8080-exec-1] o.a.c.c.C.[Tomcat].[localhost].[/]       : Initializing Spring DispatcherServlet 'dispatcherServlet'
2021-12-10 00:06:55.019  INFO 1624 --- [http-nio-8080-exec-1] o.s.web.servlet.DispatcherServlet        : Initializing Servlet 'dispatcherServlet'
2021-12-10 00:06:55.020  INFO 1624 --- [http-nio-8080-exec-1] o.s.web.servlet.DispatcherServlet        : Completed initialization in 1 ms
